2012-11-10 14:42:47 Error: [MissingControllerException] Controller class Info.phpController could not be found.
#0 /var/www/html/myapp/app/webroot/index.php(97): Dispatcher->dispatch(Object(CakeRequest), Object(CakeResponse))
#1 {main}
2012-11-11 06:25:14 Error: [MissingControllerException] Controller class PhpmyadminController could not be found.
#0 /var/www/html/myapp/app/webroot/index.php(97): Dispatcher->dispatch(Object(CakeRequest), Object(CakeResponse))
#1 {main}
2012-11-11 06:26:18 Error: [MissingControllerException] Controller class PhpmyadminController could not be found.
#0 /var/www/html/myapp/app/webroot/index.php(97): Dispatcher->dispatch(Object(CakeRequest), Object(CakeResponse))
#1 {main}
2012-11-11 06:26:35 Error: [MissingControllerException] Controller class MyappController could not be found.
#0 /var/www/html/myapp/app/webroot/index.php(97): Dispatcher->dispatch(Object(CakeRequest), Object(CakeResponse))
#1 {main}
2012-11-14 13:28:25 Error: [MissingLayoutException] Layout file "/var/www/html/myapp/app/View/Layouts/bootstrap.ctp" is missing.
#0 /var/www/html/myapp/lib/Cake/View/View.php(482): View->_getLayoutFileName('bootstrap')
#1 /var/www/html/myapp/lib/Cake/View/View.php(452): View->renderLayout('', 'bootstrap')
#2 /var/www/html/myapp/lib/Cake/Controller/Controller.php(956): View->render(NULL, NULL)
#3 /var/www/html/myapp/lib/Cake/Routing/Dispatcher.php(193): Controller->render()
#4 /var/www/html/myapp/lib/Cake/Routing/Dispatcher.php(161): Dispatcher->_invoke(Object(ItemsController), Object(CakeRequest), Object(CakeResponse))
#5 /var/www/html/myapp/app/webroot/index.php(97): Dispatcher->dispatch(Object(CakeRequest), Object(CakeResponse))
#6 {main}
2012-11-14 13:28:41 Error: [MissingLayoutException] Layout file "/var/www/html/myapp/app/View/Layouts/bootstrap.ctp" is missing.
#0 /var/www/html/myapp/lib/Cake/View/View.php(482): View->_getLayoutFileName('bootstrap')
#1 /var/www/html/myapp/lib/Cake/View/View.php(452): View->renderLayout('', 'bootstrap')
#2 /var/www/html/myapp/lib/Cake/Controller/Controller.php(956): View->render(NULL, NULL)
#3 /var/www/html/myapp/lib/Cake/Routing/Dispatcher.php(193): Controller->render()
#4 /var/www/html/myapp/lib/Cake/Routing/Dispatcher.php(161): Dispatcher->_invoke(Object(ItemsController), Object(CakeRequest), Object(CakeResponse))
#5 /var/www/html/myapp/app/webroot/index.php(97): Dispatcher->dispatch(Object(CakeRequest), Object(CakeResponse))
#6 {main}
2012-11-14 13:30:34 Error: [MissingLayoutException] Layout file "/var/www/html/myapp/app/View/Layouts/bootstrap.ctp" is missing.
#0 /var/www/html/myapp/lib/Cake/View/View.php(482): View->_getLayoutFileName('bootstrap')
#1 /var/www/html/myapp/lib/Cake/View/View.php(452): View->renderLayout('', 'bootstrap')
#2 /var/www/html/myapp/lib/Cake/Controller/Controller.php(956): View->render(NULL, NULL)
#3 /var/www/html/myapp/lib/Cake/Routing/Dispatcher.php(193): Controller->render()
#4 /var/www/html/myapp/lib/Cake/Routing/Dispatcher.php(161): Dispatcher->_invoke(Object(ItemsController), Object(CakeRequest), Object(CakeResponse))
#5 /var/www/html/myapp/app/webroot/index.php(97): Dispatcher->dispatch(Object(CakeRequest), Object(CakeResponse))
#6 {main}
2012-11-14 13:35:44 Error: [MissingLayoutException] Layout file "/var/www/html/myapp/app/View/Layouts/bootstrap.ctp" is missing.
#0 /var/www/html/myapp/lib/Cake/View/View.php(482): View->_getLayoutFileName('bootstrap')
#1 /var/www/html/myapp/lib/Cake/View/View.php(452): View->renderLayout('', 'bootstrap')
#2 /var/www/html/myapp/lib/Cake/Controller/Controller.php(956): View->render(NULL, NULL)
#3 /var/www/html/myapp/lib/Cake/Routing/Dispatcher.php(193): Controller->render()
#4 /var/www/html/myapp/lib/Cake/Routing/Dispatcher.php(161): Dispatcher->_invoke(Object(ItemsController), Object(CakeRequest), Object(CakeResponse))
#5 /var/www/html/myapp/app/webroot/index.php(97): Dispatcher->dispatch(Object(CakeRequest), Object(CakeResponse))
#6 {main}
2012-11-14 13:36:33 Error: [MissingLayoutException] Layout file "/var/www/html/myapp/app/View/Layouts/bootstrap.ctp" is missing.
#0 /var/www/html/myapp/lib/Cake/View/View.php(482): View->_getLayoutFileName('bootstrap')
#1 /var/www/html/myapp/lib/Cake/View/View.php(452): View->renderLayout('', 'bootstrap')
#2 /var/www/html/myapp/lib/Cake/Controller/Controller.php(956): View->render(NULL, NULL)
#3 /var/www/html/myapp/lib/Cake/Routing/Dispatcher.php(193): Controller->render()
#4 /var/www/html/myapp/lib/Cake/Routing/Dispatcher.php(161): Dispatcher->_invoke(Object(ItemsController), Object(CakeRequest), Object(CakeResponse))
#5 /var/www/html/myapp/app/webroot/index.php(97): Dispatcher->dispatch(Object(CakeRequest), Object(CakeResponse))
#6 {main}
2012-11-21 14:45:44 Error: [MissingControllerException] Controller class UsersController could not be found.
#0 /var/www/html/myapp/app/webroot/index.php(97): Dispatcher->dispatch(Object(CakeRequest), Object(CakeResponse))
#1 {main}
2012-12-07 03:56:09 Error: [MissingControllerException] Controller class UsersController could not be found.
#0 /var/www/html/myapp/app/webroot/index.php(97): Dispatcher->dispatch(Object(CakeRequest), Object(CakeResponse))
#1 {main}
2012-12-07 03:56:16 Error: [MissingControllerException] Controller class GroupesController could not be found.
#0 /var/www/html/myapp/app/webroot/index.php(97): Dispatcher->dispatch(Object(CakeRequest), Object(CakeResponse))
#1 {main}
2012-12-08 05:29:30 Error: [MissingControllerException] Controller class UsersController could not be found.
#0 /var/www/html/myapp/app/webroot/index.php(97): Dispatcher->dispatch(Object(CakeRequest), Object(CakeResponse))
#1 {main}
2013-03-03 10:27:02 Error: [MissingControllerException] Controller class InfophpController could not be found.
#0 /var/www/html/myapp/app/webroot/index.php(97): Dispatcher->dispatch(Object(CakeRequest), Object(CakeResponse))
#1 {main}
2013-03-03 10:27:10 Error: [MissingControllerException] Controller class PhpinfoController could not be found.
#0 /var/www/html/myapp/app/webroot/index.php(97): Dispatcher->dispatch(Object(CakeRequest), Object(CakeResponse))
#1 {main}
2013-11-03 14:41:37 Error: [MissingConnectionException] Database connection "MysqlLog" is missing, or could not be created.
#0 C:\in2one\git\master\myapp\lib\Cake\Model\Datasource\DboSource.php(261): Mysql->connect()
#1 C:\in2one\git\master\myapp\lib\Cake\Model\ConnectionManager.php(101): DboSource->__construct(Array)
#2 C:\in2one\git\master\myapp\lib\Cake\Model\Model.php(3196): ConnectionManager::getDataSource('default')
#3 C:\in2one\git\master\myapp\lib\Cake\Model\Model.php(1103): Model->setDataSource('default')
#4 C:\in2one\git\master\myapp\lib\Cake\Model\Model.php(3218): Model->setSource('items')
#5 C:\in2one\git\master\myapp\lib\Cake\Model\Model.php(2669): Model->getDataSource()
#6 C:\in2one\git\master\myapp\lib\Cake\Controller\Component\PaginatorComponent.php(194): Model->find('all', Array)
#7 C:\in2one\git\master\myapp\lib\Cake\Controller\Controller.php(1082): PaginatorComponent->paginate(NULL, Array, Array)
#8 C:\in2one\git\master\myapp\app\Controller\ItemsController.php(36): Controller->paginate()
#9 [internal function]: ItemsController->index()
#10 C:\in2one\git\master\myapp\lib\Cake\Controller\Controller.php(485): ReflectionMethod->invokeArgs(Object(ItemsController), Array)
#11 C:\in2one\git\master\myapp\lib\Cake\Routing\Dispatcher.php(186): Controller->invokeAction(Object(CakeRequest))
#12 C:\in2one\git\master\myapp\lib\Cake\Routing\Dispatcher.php(161): Dispatcher->_invoke(Object(ItemsController), Object(CakeRequest), Object(CakeResponse))
#13 c:\in2one\git\master\myapp\app\webroot\index.php(97): Dispatcher->dispatch(Object(CakeRequest), Object(CakeResponse))
#14 {main}
2013-11-03 15:43:20 Error: [MissingConnectionException] Database connection "MysqlLog" is missing, or could not be created.
#0 C:\in2one\git\master\myapp\lib\Cake\Model\Datasource\DboSource.php(261): Mysql->connect()
#1 C:\in2one\git\master\myapp\lib\Cake\Model\ConnectionManager.php(101): DboSource->__construct(Array)
#2 C:\in2one\git\master\myapp\lib\Cake\Model\Model.php(3196): ConnectionManager::getDataSource('default')
#3 C:\in2one\git\master\myapp\lib\Cake\Model\Model.php(1103): Model->setDataSource('default')
#4 C:\in2one\git\master\myapp\lib\Cake\Model\Model.php(3218): Model->setSource('items')
#5 C:\in2one\git\master\myapp\lib\Cake\Model\Model.php(2669): Model->getDataSource()
#6 C:\in2one\git\master\myapp\lib\Cake\Controller\Component\PaginatorComponent.php(194): Model->find('all', Array)
#7 C:\in2one\git\master\myapp\lib\Cake\Controller\Controller.php(1082): PaginatorComponent->paginate(NULL, Array, Array)
#8 C:\in2one\git\master\myapp\app\Controller\ItemsController.php(36): Controller->paginate()
#9 [internal function]: ItemsController->index()
#10 C:\in2one\git\master\myapp\lib\Cake\Controller\Controller.php(485): ReflectionMethod->invokeArgs(Object(ItemsController), Array)
#11 C:\in2one\git\master\myapp\lib\Cake\Routing\Dispatcher.php(186): Controller->invokeAction(Object(CakeRequest))
#12 C:\in2one\git\master\myapp\lib\Cake\Routing\Dispatcher.php(161): Dispatcher->_invoke(Object(ItemsController), Object(CakeRequest), Object(CakeResponse))
#13 c:\in2one\git\master\myapp\app\webroot\index.php(97): Dispatcher->dispatch(Object(CakeRequest), Object(CakeResponse))
#14 {main}
